
Connected to: Oracle Database 11g Express Edition Release 11.2.0.2.0 - Production
Export done in CL8MSWIN1251 character set and AL16UTF16 NCHAR character set
server uses AL32UTF8 character set (possible charset conversion)

About to export specified users ...
. exporting pre-schema procedural objects and actions
. exporting foreign function library names for user VCM 
. exporting PUBLIC type synonyms
. exporting private type synonyms
. exporting object type definitions for user VCM 
About to export VCM's objects ...
. exporting database links
. exporting sequence numbers
. exporting cluster definitions
. about to export VCM's tables via Conventional Path ...
. . exporting table                          FILES
                                                            0 rows exported
. . exporting table                            LOG
                                                           72 rows exported
EXP-00091: Exporting questionable statistics.
EXP-00091: Exporting questionable statistics.
. . exporting table                            NAK
                                                            0 rows exported
EXP-00091: Exporting questionable statistics.
. . exporting table                            SQL
                                                            3 rows exported
. . exporting table                            USR
                                                            0 rows exported
EXP-00091: Exporting questionable statistics.
EXP-00091: Exporting questionable statistics.
. exporting synonyms
. exporting views
. exporting stored procedures
. exporting operators
. exporting referential integrity constraints
. exporting triggers
. exporting indextypes
. exporting bitmap, functional and extensible indexes
. exporting posttables actions
. exporting materialized views
. exporting snapshot logs
. exporting job queues
. exporting refresh groups and children
. exporting dimensions
. exporting post-schema procedural objects and actions
. exporting statistics
Export terminated successfully with warnings.
